  Player.cpp
C:\Users\KGA_5\Desktop\팀포트폴리오\팀포폴작업폴더\DummyMap.h(27,19): warning C4267: 'return': 'size_t'에서 'int'(으)로 변환하면서 데이터가 손실될 수 있습니다.
C:\Users\KGA_5\Desktop\팀포트폴리오\팀포폴작업폴더\MapMain.h(25,27): warning C4267: 'return': 'size_t'에서 'int'(으)로 변환하면서 데이터가 손실될 수 있습니다.
C:\Users\KGA_5\Desktop\팀포트폴리오\팀포폴작업폴더\Player.cpp(20,123): warning C4244: '인수': 'int'에서 'float'(으)로 변환하면서 데이터가 손실될 수 있습니다.
C:\Users\KGA_5\Desktop\팀포트폴리오\팀포폴작업폴더\Player.cpp(20,94): warning C4244: '인수': 'int'에서 'float'(으)로 변환하면서 데이터가 손실될 수 있습니다.
C:\Users\KGA_5\Desktop\팀포트폴리오\팀포폴작업폴더\Player.cpp(21,123): warning C4244: '인수': 'int'에서 'float'(으)로 변환하면서 데이터가 손실될 수 있습니다.
C:\Users\KGA_5\Desktop\팀포트폴리오\팀포폴작업폴더\Player.cpp(21,94): warning C4244: '인수': 'int'에서 'float'(으)로 변환하면서 데이터가 손실될 수 있습니다.
C:\Users\KGA_5\Desktop\팀포트폴리오\팀포폴작업폴더\Player.cpp(72,87): warning C4244: '인수': 'float'에서 'int'(으)로 변환하면서 데이터가 손실될 수 있습니다.
C:\Users\KGA_5\Desktop\팀포트폴리오\팀포폴작업폴더\Player.cpp(72,59): warning C4244: '인수': 'float'에서 'int'(으)로 변환하면서 데이터가 손실될 수 있습니다.
C:\Users\KGA_5\Desktop\팀포트폴리오\팀포폴작업폴더\Player.cpp(73,72): warning C4244: '인수': 'float'에서 'int'(으)로 변환하면서 데이터가 손실될 수 있습니다.
C:\Users\KGA_5\Desktop\팀포트폴리오\팀포폴작업폴더\Player.cpp(73,50): warning C4244: '인수': 'float'에서 'int'(으)로 변환하면서 데이터가 손실될 수 있습니다.
C:\Users\KGA_5\Desktop\팀포트폴리오\팀포폴작업폴더\Player.cpp(108,44): warning C4244: '+=': 'double'에서 'float'(으)로 변환하면서 데이터가 손실될 수 있습니다.
C:\Users\KGA_5\Desktop\팀포트폴리오\팀포폴작업폴더\Player.cpp(109,44): warning C4244: '-=': 'double'에서 'float'(으)로 변환하면서 데이터가 손실될 수 있습니다.
C:\Users\KGA_5\Desktop\팀포트폴리오\팀포폴작업폴더\Player.cpp(112,44): warning C4244: '-=': 'double'에서 'float'(으)로 변환하면서 데이터가 손실될 수 있습니다.
C:\Users\KGA_5\Desktop\팀포트폴리오\팀포폴작업폴더\Player.cpp(113,44): warning C4244: '-=': 'double'에서 'float'(으)로 변환하면서 데이터가 손실될 수 있습니다.
C:\Users\KGA_5\Desktop\팀포트폴리오\팀포폴작업폴더\Player.cpp(116,44): warning C4244: '+=': 'double'에서 'float'(으)로 변환하면서 데이터가 손실될 수 있습니다.
C:\Users\KGA_5\Desktop\팀포트폴리오\팀포폴작업폴더\Player.cpp(117,44): warning C4244: '+=': 'double'에서 'float'(으)로 변환하면서 데이터가 손실될 수 있습니다.
C:\Users\KGA_5\Desktop\팀포트폴리오\팀포폴작업폴더\Player.cpp(120,44): warning C4244: '-=': 'double'에서 'float'(으)로 변환하면서 데이터가 손실될 수 있습니다.
C:\Users\KGA_5\Desktop\팀포트폴리오\팀포폴작업폴더\Player.cpp(121,44): warning C4244: '+=': 'double'에서 'float'(으)로 변환하면서 데이터가 손실될 수 있습니다.
C:\Users\KGA_5\Desktop\팀포트폴리오\팀포폴작업폴더\Player.cpp(128,125): warning C4244: '인수': 'int'에서 'float'(으)로 변환하면서 데이터가 손실될 수 있습니다.
C:\Users\KGA_5\Desktop\팀포트폴리오\팀포폴작업폴더\Player.cpp(128,95): warning C4244: '인수': 'int'에서 'float'(으)로 변환하면서 데이터가 손실될 수 있습니다.
C:\Users\KGA_5\Desktop\팀포트폴리오\팀포폴작업폴더\Player.cpp(129,122): warning C4244: '인수': 'int'에서 'float'(으)로 변환하면서 데이터가 손실될 수 있습니다.
C:\Users\KGA_5\Desktop\팀포트폴리오\팀포폴작업폴더\Player.cpp(129,93): warning C4244: '인수': 'int'에서 'float'(으)로 변환하면서 데이터가 손실될 수 있습니다.
C:\Users\KGA_5\Desktop\팀포트폴리오\팀포폴작업폴더\Player.cpp(139,34): warning C4244: '=': 'float'에서 'int'(으)로 변환하면서 데이터가 손실될 수 있습니다.
C:\Users\KGA_5\Desktop\팀포트폴리오\팀포폴작업폴더\Player.cpp(140,34): warning C4244: '=': 'float'에서 'int'(으)로 변환하면서 데이터가 손실될 수 있습니다.
C:\Users\KGA_5\Desktop\팀포트폴리오\팀포폴작업폴더\Player.cpp(143,24): warning C4244: '=': 'LONG'에서 'float'(으)로 변환하면서 데이터가 손실될 수 있습니다.
C:\Users\KGA_5\Desktop\팀포트폴리오\팀포폴작업폴더\Player.cpp(144,24): warning C4244: '=': 'LONG'에서 'float'(으)로 변환하면서 데이터가 손실될 수 있습니다.
C:\Users\KGA_5\Desktop\팀포트폴리오\팀포폴작업폴더\Player.cpp(202,32): warning C4244: '=': 'float'에서 'int'(으)로 변환하면서 데이터가 손실될 수 있습니다.
  windowsAPI.vcxproj -> C:\Users\KGA_5\Desktop\팀포트폴리오\팀포폴작업폴더\x64\Debug\windowsAPI.exe
